FindIt/FindIt/build/intermediates/manifest_merge_blame_file/debug/manifest-merger-blame-debug-report.txt
1<?xml version="1.0" encoding="utf-8"?>
2<!--   ~ Copyright (c) 2023 Colin Walters.  All rights reserved. -->
3<manifest xmlns:android="http://schemas.android.com/apk/res/android"
4    package="com.com.myapp"
5    android:installLocation="preferExternal"
6    android:versionCode="1"
7    android:versionName="1.0" >
8
9    <uses-sdk
10        android:minSdkVersion="18"
10-->src\main\AndroidManifest.xml
11        android:targetSdkVersion="33" />
11-->src\main\AndroidManifest.xml
12
13    <uses-feature
13-->src\main\AndroidManifest.xml:10:5-12:34
14        android:name="android.hardware.screen.portrait"
14-->src\main\AndroidManifest.xml:11:9-56
15        android:required="true" />
15-->src\main\AndroidManifest.xml:12:9-32
16    <uses-feature
16-->src\main\AndroidManifest.xml:13:5-15:34
17        android:name="android.hardware.sensor.accelerometer"
17-->src\main\AndroidManifest.xml:14:9-61
18        android:required="true" />
18-->src\main\AndroidManifest.xml:15:9-32
19
20    <permission
20-->[androidx.core:core:1.10.0] AndroidManifest.xml:22:5-24:47
21        android:name="com.com.myapp.DYNAMIC_RECEIVER_NOT_EXPORTED_PERMISSION"
21-->[androidx.core:core:1.10.0] AndroidManifest.xml:23:9-81
22        android:protectionLevel="signature" />
22-->[androidx.core:core:1.10.0] AndroidManifest.xml:24:9-44
23
24    <uses-permission android:name="com.com.myapp.DYNAMIC_RECEIVER_NOT_EXPORTED_PERMISSION" />
24-->[androidx.core:core:1.10.0] AndroidManifest.xml:26:5-97
24-->[androidx.core:core:1.10.0] AndroidManifest.xml:26:22-94
25
26    <application
26-->src\main\AndroidManifest.xml:17:5-60:19
27        android:allowBackup="true"
27-->src\main\AndroidManifest.xml:18:9-35
28        android:appComponentFactory="androidx.core.app.CoreComponentFactory"
28-->[androidx.core:core:1.10.0] AndroidManifest.xml:28:18-86
29        android:debuggable="true"
30        android:icon="@mipmap/ic_launcher"
30-->src\main\AndroidManifest.xml:19:9-43
31        android:label="@string/app_name"
31-->src\main\AndroidManifest.xml:20:9-41
32        android:roundIcon="@mipmap/ic_launcher_round"
32-->src\main\AndroidManifest.xml:21:9-54
33        android:testOnly="true"
34        android:theme="@style/AppTheme.NoActionBar" >
34-->src\main\AndroidManifest.xml:22:9-52
35        <activity
35-->src\main\AndroidManifest.xml:24:9-32:20
36            android:name="com.myapp.controller.MainActivity"
36-->src\main\AndroidManifest.xml:25:13-61
37            android:exported="true" >
37-->src\main\AndroidManifest.xml:26:13-36
38            <intent-filter>
38-->src\main\AndroidManifest.xml:27:13-31:29
39                <action android:name="android.intent.action.MAIN" />
39-->src\main\AndroidManifest.xml:28:17-68
39-->src\main\AndroidManifest.xml:28:25-66
40
41                <category android:name="android.intent.category.LAUNCHER" />
41-->src\main\AndroidManifest.xml:30:17-76
41-->src\main\AndroidManifest.xml:30:27-74
42            </intent-filter>
43        </activity>
44        <activity
44-->src\main\AndroidManifest.xml:33:9-36:51
45            android:name="com.myapp.controller.GameActivity"
45-->src\main\AndroidManifest.xml:34:13-61
46            android:configChanges="orientation"
46-->src\main\AndroidManifest.xml:35:13-48
47            android:screenOrientation="portrait" />
47-->src\main\AndroidManifest.xml:36:13-49
48        <activity
48-->src\main\AndroidManifest.xml:37:9-39:43
49            android:name="com.myapp.controller.HelpActivity"
49-->src\main\AndroidManifest.xml:38:13-61
50            android:label="@string/help" />
50-->src\main\AndroidManifest.xml:39:13-41
51
52        <service android:name="com.myapp.controller.AudioFocusService" />
52-->src\main\AndroidManifest.xml:41:9-73
52-->src\main\AndroidManifest.xml:41:18-71
53
54        <receiver
54-->src\main\AndroidManifest.xml:43:9-51:20
55            android:name="com.myapp.controller.SoundBroadcastReceiver"
55-->src\main\AndroidManifest.xml:44:13-71
56            android:exported="false" >
56-->src\main\AndroidManifest.xml:45:13-37
57
58            <!--
59                 don't use this - use Context.registerReceiver() <intent-filter> <action
60                android:name="android.media.AUDIO_BECOMING_NOISY" /> </intent-filter>
61            -->
62        </receiver>
63
64        <activity
64-->src\main\AndroidManifest.xml:53:9-55:44
65            android:name="com.myapp.controller.AboutActivity"
65-->src\main\AndroidManifest.xml:54:13-62
66            android:label="@string/about" />
66-->src\main\AndroidManifest.xml:55:13-42
67        <activity
67-->src\main\AndroidManifest.xml:57:9-59:49
68            android:name="com.myapp.controller.HighScoreActivity"
68-->src\main\AndroidManifest.xml:58:13-66
69            android:label="@string/high_score" />
69-->src\main\AndroidManifest.xml:59:13-47
70
71        <provider
71-->[androidx.emoji2:emoji2:1.2.0] AndroidManifest.xml:24:9-32:20
72            android:name="androidx.startup.InitializationProvider"
72-->[androidx.emoji2:emoji2:1.2.0] AndroidManifest.xml:25:13-67
73            android:authorities="com.com.myapp.androidx-startup"
73-->[androidx.emoji2:emoji2:1.2.0] AndroidManifest.xml:26:13-68
74            android:exported="false" >
74-->[androidx.emoji2:emoji2:1.2.0] AndroidManifest.xml:27:13-37
75            <meta-data
75-->[androidx.emoji2:emoji2:1.2.0] AndroidManifest.xml:29:13-31:52
76                android:name="androidx.emoji2.text.EmojiCompatInitializer"
76-->[androidx.emoji2:emoji2:1.2.0] AndroidManifest.xml:30:17-75
77                android:value="androidx.startup" />
77-->[androidx.emoji2:emoji2:1.2.0] AndroidManifest.xml:31:17-49
78            <meta-data
78-->[androidx.lifecycle:lifecycle-process:2.4.1] AndroidManifest.xml:31:13-33:52
79                android:name="androidx.lifecycle.ProcessLifecycleInitializer"
79-->[androidx.lifecycle:lifecycle-process:2.4.1] AndroidManifest.xml:32:17-78
80                android:value="androidx.startup" />
80-->[androidx.lifecycle:lifecycle-process:2.4.1] AndroidManifest.xml:33:17-49
81        </provider>
82    </application>
83
84</manifest>